<?xml version="1.0" encoding="UTF-8"?>
<!-- Generated by org.testng.reporters.JUnitReportReporter -->
<testsuite hostname="DESKTOP-EFHT2T6" name="com.dropbox.qa.testcases.LoginPageTest" tests="3" failures="0" timestamp="5 Sep 2020 07:10:37 GMT" time="74.547" errors="0">
  <testcase name="loginPageTitleTest" time="22.366" classname="com.dropbox.qa.testcases.LoginPageTest"/>
  <testcase name="logoVisibilityTest" time="24.031" classname="com.dropbox.qa.testcases.LoginPageTest"/>
  <testcase name="loginTest" time="28.150" classname="com.dropbox.qa.testcases.LoginPageTest"/>
</testsuite> <!-- com.dropbox.qa.testcases.LoginPageTest -->
